{
  "RSpec": {
    "coverage": {
      "/Users/Paul/Projects/week-10/Bank/spec/account_spec.rb": {
        "lines": [
          1,
          null,
          1,
          5,
          4,
          3,
          null,
          1,
          1,
          1,
          1,
          1,
          null,
          null,
          null,
          1,
          1,
          1,
          1,
          1,
          1,
          null,
          null,
          null,
          1,
          1,
          2,
          null,
          null,
          1,
          3,
          1,
          1,
          2,
          null,
          null,
          null,
          null,
          null
        ]
      },
      "/Users/Paul/Projects/week-10/Bank/lib/account.rb": {
        "lines": [
          1,
          null,
          1,
          null,
          1,
          null,
          1,
          9,
          null,
          null,
          1,
          7,
          7,
          null,
          null,
          1,
          5,
          5,
          null,
          null,
          1,
          5,
          5,
          null,
          null,
          1,
          4,
          8,
          4,
          null,
          null
        ]
      },
      "/Users/Paul/Projects/week-10/Bank/lib/transaction.rb": {
        "lines": [
          1,
          1,
          null,
          1,
          13,
          13,
          13,
          null,
          null,
          1,
          11,
          4,
          null,
          null
        ]
      },
      "/Users/Paul/Projects/week-10/Bank/spec/criteria_feature_spec.rb": {
        "lines": [
          1,
          null,
          1,
          1,
          1,
          1,
          1,
          1,
          2,
          null,
          null,
          null,
          null,
          null,
          null,
          1,
          2,
          1,
          null,
          null,
          1,
          2,
          1,
          null,
          null,
          1,
          2,
          1,
          null
        ]
      },
      "/Users/Paul/Projects/week-10/Bank/spec/statement_spec.rb": {
        "lines": [
          1,
          null,
          1,
          null,
          3,
          2,
          2,
          null,
          1,
          2,
          null,
          null,
          1,
          3,
          1,
          1,
          2,
          null,
          null,
          null,
          null
        ]
      },
      "/Users/Paul/Projects/week-10/Bank/lib/statement.rb": {
        "lines": [
          1,
          null,
          1,
          5,
          null,
          null,
          1,
          5,
          5,
          5,
          7,
          null,
          12,
          null,
          null,
          1,
          21,
          null,
          null
        ]
      },
      "/Users/Paul/Projects/week-10/Bank/spec/transaction_spec.rb": {
        "lines": [
          1,
          1,
          null,
          1,
          3,
          2,
          2,
          null,
          1,
          1,
          1,
          1,
          1,
          null,
          null,
          1,
          1,
          1,
          1,
          1,
          null,
          null,
          1,
          1,
          1,
          null,
          null
        ]
      }
    },
    "timestamp": 1599587301
  }
}
