{
  "RSpec": {
    "coverage": {
      "/Users/Paul/Projects/week-10/Bank/spec/account_spec.rb": {
        "lines": [
          1,
          null,
          1,
          null,
          4,
          3,
          2,
          null,
          1,
          1,
          1,
          1,
          1,
          null,
          null,
          null,
          1,
          1,
          1,
          1,
          1,
          1,
          null,
          null,
          null,
          1,
          1,
          2,
          null,
          null,
          null
        ]
      },
      "/Users/Paul/Projects/week-10/Bank/lib/account.rb": {
        "lines": [
          1,
          null,
          1,
          1,
          null,
          1,
          5,
          5,
          5,
          null,
          null,
          1,
          3,
          3,
          3,
          null,
          null,
          1,
          2,
          2,
          2,
          null,
          null,
          1,
          1,
          1,
          0,
          null,
          null,
          null
        ]
      },
      "/Users/Paul/Projects/week-10/Bank/lib/transaction.rb": {
        "lines": [
          1,
          null,
          1,
          null,
          1,
          5,
          5,
          5,
          5,
          null,
          null
        ]
      },
      "/Users/Paul/Projects/week-10/Bank/spec/transaction_spec.rb": {
        "lines": [
          1,
          1,
          null,
          1,
          null,
          3,
          2,
          2,
          null,
          1,
          1,
          1,
          null,
          null,
          1,
          1,
          1,
          null,
          null
        ]
      }
    },
    "timestamp": 1599478818
  }
}
